{"level":"info","message":"url=/users/addToGroup, method=POST, body: {\"login\":\"mrNobody\"},   at Wed Jan 19 2022 16:53:23 GMT+0400 (Samara Standard Time)","service":"user-group service"}
{"level":"info","message":"url=/groups/group, method=GET, body: {\"id\":\"39f363b3-11e1-400e-b019-51d35a24eb40\"},   at Wed Jan 19 2022 17:48:34 GMT+0400 (Samara Standard Time)","service":"user-group service"}
{"level":"info","message":"url=/auth, method=POST, body: {\"login\":\"mrNobody\",\"password\":\"lars123\"},   at Wed Jan 19 2022 17:52:51 GMT+0400 (Samara Standard Time)","service":"user-group service"}
{"level":"info","message":"url=/auth, method=POST, body: {\"login\":\"mrNobody\",\"password\":\"lars123\"},   at Wed Jan 19 2022 17:54:11 GMT+0400 (Samara Standard Time)","service":"user-group service"}
{"level":"info","message":"url=/auth, method=POST, body: {\"login\":\"mrNobody\",\"password\":\"lars123\"},   at Wed Jan 19 2022 17:54:43 GMT+0400 (Samara Standard Time)","service":"user-group service"}
{"level":"info","message":"url=/auth, method=POST, body: {\"login\":\"mrNobody\",\"password\":\"lars123\"},   at Wed Jan 19 2022 17:56:35 GMT+0400 (Samara Standard Time)","service":"user-group service"}
{"level":"info","message":"url=/auth, method=POST, body: {\"login\":\"mrNobody\",\"password\":\"lars123\"},   at Wed Jan 19 2022 17:56:53 GMT+0400 (Samara Standard Time)","service":"user-group service"}
{"level":"info","message":"url=/auth, method=POST, body: {\"login\":\"mrNobody\",\"password\":\"lars123\"},   at Wed Jan 19 2022 17:56:54 GMT+0400 (Samara Standard Time)","service":"user-group service"}
{"level":"info","message":"url=/auth, method=POST, body: {\"login\":\"mrNobody\",\"password\":\"lars123\"},   at Wed Jan 19 2022 17:57:16 GMT+0400 (Samara Standard Time)","service":"user-group service"}
{"level":"info","message":"url=/auth, method=POST, body: {\"login\":\"mrNobody\",\"password\":\"lars123\"},   at Wed Jan 19 2022 17:57:42 GMT+0400 (Samara Standard Time)","service":"user-group service"}
{"level":"info","message":"url=/auth, method=POST, body: {\"login\":\"mrNobody\",\"password\":\"lars123\"},   at Wed Jan 19 2022 17:58:00 GMT+0400 (Samara Standard Time)","service":"user-group service"}
{"level":"info","message":"url=/auth, method=POST, body: {\"login\":\"mrNobody\",\"password\":\"lars123\"},   at Wed Jan 19 2022 18:01:13 GMT+0400 (Samara Standard Time)","service":"user-group service"}
{"level":"info","message":"url=/auth, method=POST, body: {\"login\":\"mrNobody\",\"password\":\"lars123\"},   at Wed Jan 19 2022 18:06:52 GMT+0400 (Samara Standard Time)","service":"user-group service"}
{"level":"info","message":"url=/auth, method=POST, body: {\"login\":\"mrNobody\",\"password\":\"lars123\"},   at Wed Jan 19 2022 18:08:58 GMT+0400 (Samara Standard Time)","service":"user-group service"}
{"level":"info","message":"url=/auth, method=POST, body: {\"login\":\"mrNobody\",\"password\":\"lars123\"},   at Wed Jan 19 2022 18:10:01 GMT+0400 (Samara Standard Time)","service":"user-group service"}
{"level":"info","message":"url=/auth, method=POST, body: {\"login\":\"mrNobody\",\"password\":\"lars123\"},   at Wed Jan 19 2022 20:14:41 GMT+0400 (Samara Standard Time)","service":"user-group service"}
{"level":"info","message":"url=/auth/sdf, method=POST, body: {\"login\":\"superMario\",\"password\":\"nir123\"},   at Wed Jan 19 2022 20:16:30 GMT+0400 (Samara Standard Time)","service":"user-group service"}
{"level":"info","message":"url=/auth/sdf, method=POST, body: {\"login\":\"superMario\",\"password\":\"nir123\"},   at Wed Jan 19 2022 20:16:31 GMT+0400 (Samara Standard Time)","service":"user-group service"}
{"level":"info","message":"url=/auth/sdfsdfsdf, method=POST, body: {\"login\":\"superMario\",\"password\":\"nir123\"},   at Wed Jan 19 2022 20:16:35 GMT+0400 (Samara Standard Time)","service":"user-group service"}
{"level":"info","message":"url=/groups, method=GET,    at Wed Jan 19 2022 20:17:15 GMT+0400 (Samara Standard Time)","service":"user-group service"}
{"level":"info","message":"url=/auth/sdfsdfsdf, method=POST, body: {\"login\":\"superMario\",\"password\":\"nir123\"},   at Wed Jan 19 2022 20:19:31 GMT+0400 (Samara Standard Time)","service":"user-group service"}
{"level":"info","message":"url=/auth/sdfsdfsdf, method=POST, body: {\"login\":\"superMario\",\"password\":\"nir123\"},   at Wed Jan 19 2022 20:20:10 GMT+0400 (Samara Standard Time)","service":"user-group service"}
{"level":"info","message":"url=/auth/sdfsdfsdf, method=POST, body: {\"login\":\"superMario\",\"password\":\"nir123\"},   at Wed Jan 19 2022 20:23:48 GMT+0400 (Samara Standard Time)","service":"user-group service"}
{"level":"error","service":"user-group service"}
{"level":"info","message":"url=/auth/sdfsdfsdf, method=POST, body: {\"login\":\"superMario\",\"password\":\"nir123\"},   at Wed Jan 19 2022 20:26:23 GMT+0400 (Samara Standard Time)","service":"user-group service"}
{"level":"error","service":"user-group service"}
{"level":"info","message":"url=/auth/sdfsdfsdf, method=POST, body: {\"login\":\"superMario\",\"password\":\"nir123\"},   at Wed Jan 19 2022 20:28:04 GMT+0400 (Samara Standard Time)","service":"user-group service"}
{"level":"error","service":"user-group service"}
{"level":"info","message":"url=/auth/sdfsdfsdf, method=POST, body: {\"login\":\"superMario\",\"password\":\"nir123\"},   at Wed Jan 19 2022 20:30:56 GMT+0400 (Samara Standard Time)","service":"user-group service"}
{"level":"info","message":"url=/auth/sdfsdfsdf, method=POST, body: {\"login\":\"superMario\",\"password\":\"nir123\"},   at Wed Jan 19 2022 20:33:19 GMT+0400 (Samara Standard Time)","service":"user-group service"}
{"level":"info","message":"url=/groups, method=GET,    at Wed Jan 19 2022 20:43:24 GMT+0400 (Samara Standard Time)","service":"user-group service"}
{"level":"info","message":"url=/auth/, method=POST, body: {\"login\":\"superMario\",\"password\":\"nir123\"},   at Wed Jan 19 2022 20:43:28 GMT+0400 (Samara Standard Time)","service":"user-group service"}
{"level":"info","message":"url=/groups, method=GET,    at Wed Jan 19 2022 20:44:19 GMT+0400 (Samara Standard Time)","service":"user-group service"}
{"level":"info","message":"url=/groups, method=GET,    at Wed Jan 19 2022 20:45:28 GMT+0400 (Samara Standard Time)","service":"user-group service"}
{"level":"info","message":"url=/auth/, method=POST, body: {\"login\":\"superMario\",\"password\":\"nir123\"},   at Wed Jan 19 2022 20:46:18 GMT+0400 (Samara Standard Time)","service":"user-group service"}
{"level":"info","message":"url=/auth/, method=POST, body: {\"login\":\"superMario\",\"password\":\"nir123\"},   at Wed Jan 19 2022 20:47:23 GMT+0400 (Samara Standard Time)","service":"user-group service"}
{"level":"info","message":"url=/auth/, method=POST, body: {\"login\":\"superMario\",\"password\":\"nir123\"},   at Wed Jan 19 2022 20:49:06 GMT+0400 (Samara Standard Time)","service":"user-group service"}
{"level":"info","message":"url=/auth/, method=POST, body: {\"login\":\"superMario\",\"password\":\"nir123\"},   at Wed Jan 19 2022 20:49:28 GMT+0400 (Samara Standard Time)","service":"user-group service"}
{"level":"info","message":"url=/auth/, method=POST, body: {\"login\":\"superMario\",\"password\":\"nir123\"},   at Wed Jan 19 2022 20:50:03 GMT+0400 (Samara Standard Time)","service":"user-group service"}
{"level":"info","message":"url=/auth/, method=POST, body: {\"login\":\"superMario\",\"password\":\"nir123\"},   at Wed Jan 19 2022 20:58:05 GMT+0400 (Samara Standard Time)","service":"user-group service"}
{"level":"info","message":"url=/auth/, method=POST, body: {\"login\":\"superMario\",\"password\":\"nir123\"},   at Wed Jan 19 2022 20:58:22 GMT+0400 (Samara Standard Time)","service":"user-group service"}
{"level":"info","message":"url=/auth/, method=POST, body: {\"login\":\"superMario\",\"password\":\"nir123\"},   at Wed Jan 19 2022 20:59:33 GMT+0400 (Samara Standard Time)","service":"user-group service"}
{"level":"info","message":"url=/auth/, method=POST, body: {\"login\":\"superMario\",\"password\":\"nir123\"},   at Wed Jan 19 2022 20:59:56 GMT+0400 (Samara Standard Time)","service":"user-group service"}
{"level":"info","message":"url=/auth/, method=POST, body: {\"login\":\"superMario\",\"password\":\"nir123\"},   at Wed Jan 19 2022 20:59:57 GMT+0400 (Samara Standard Time)","service":"user-group service"}
{"level":"info","message":"url=/auth/, method=POST, body: {\"login\":\"superMario\",\"password\":\"nir123\"},   at Wed Jan 19 2022 21:05:27 GMT+0400 (Samara Standard Time)","service":"user-group service"}
{"level":"info","message":"url=/auth/, method=POST, body: {\"login\":\"superMario\",\"password\":\"nir123\"},   at Wed Jan 19 2022 21:06:17 GMT+0400 (Samara Standard Time)","service":"user-group service"}
{"level":"info","message":"url=/auth/, method=POST, body: {\"login\":\"superMario\",\"password\":\"nir123\"},   at Wed Jan 19 2022 21:06:48 GMT+0400 (Samara Standard Time)","service":"user-group service"}
{"level":"info","message":"url=/auth/, method=POST, body: {\"login\":\"superMario\",\"password\":\"nir123\"},   at Wed Jan 19 2022 21:08:22 GMT+0400 (Samara Standard Time)","service":"user-group service"}
{"level":"info","message":"url=/auth/, method=POST, body: {\"login\":\"superMario\",\"password\":\"nir123\"},   at Wed Jan 19 2022 21:08:28 GMT+0400 (Samara Standard Time)","service":"user-group service"}
{"level":"info","message":"url=/auth/, method=POST, body: {\"login\":\"superMario\",\"password\":\"nir123345345\"},   at Wed Jan 19 2022 21:08:39 GMT+0400 (Samara Standard Time)","service":"user-group service"}
{"level":"info","message":"url=/auth/, method=POST, body: {\"login\":\"superMario\",\"password\":\"nir123345345\"},   at Wed Jan 19 2022 21:08:40 GMT+0400 (Samara Standard Time)","service":"user-group service"}
{"level":"info","message":"url=/auth/, method=POST, body: {\"login\":\"superMario\",\"password\":\"nir123\"},   at Wed Jan 19 2022 21:12:00 GMT+0400 (Samara Standard Time)","service":"user-group service"}
{"level":"info","message":"url=/groups, method=GET,    at Wed Jan 19 2022 21:14:46 GMT+0400 (Samara Standard Time)","service":"user-group service"}
{"level":"info","message":"url=/groups, method=GET,    at Wed Jan 19 2022 21:15:06 GMT+0400 (Samara Standard Time)","service":"user-group service"}
{"level":"info","message":"url=/groups, method=GET,    at Wed Jan 19 2022 21:15:38 GMT+0400 (Samara Standard Time)","service":"user-group service"}
{"level":"info","message":"url=/auth/, method=POST, body: {\"login\":\"superMario\",\"password\":\"nir123\"},   at Wed Jan 19 2022 21:19:43 GMT+0400 (Samara Standard Time)","service":"user-group service"}
{"level":"info","message":"url=/auth/, method=POST, body: {\"login\":\"superMario\",\"password\":\"nir123\"},   at Wed Jan 19 2022 21:20:21 GMT+0400 (Samara Standard Time)","service":"user-group service"}
{"level":"info","message":"url=/auth/, method=POST, body: {\"login\":\"superMario\",\"password\":\"nir123\"},   at Wed Jan 19 2022 21:21:49 GMT+0400 (Samara Standard Time)","service":"user-group service"}
{"level":"info","message":"url=/auth/, method=POST, body: {\"login\":\"superMario\",\"password\":\"nir123\"},   at Wed Jan 19 2022 21:22:06 GMT+0400 (Samara Standard Time)","service":"user-group service"}
{"level":"info","message":"url=/auth/, method=POST, body: {\"login\":\"superMario\",\"password\":\"nir123\"},   at Wed Jan 19 2022 21:22:41 GMT+0400 (Samara Standard Time)","service":"user-group service"}
{"level":"info","message":"url=/auth/, method=POST, body: {\"login\":\"superMario\",\"password\":\"nir123\"},   at Wed Jan 19 2022 21:23:39 GMT+0400 (Samara Standard Time)","service":"user-group service"}
{"level":"info","message":"url=/auth/, method=POST, body: {\"login\":\"superMario\",\"password\":\"nir123\"},   at Wed Jan 19 2022 21:23:58 GMT+0400 (Samara Standard Time)","service":"user-group service"}
{"level":"info","message":"url=/auth/, method=POST, body: {\"login\":\"superMario\",\"password\":\"nir123\"},   at Wed Jan 19 2022 21:25:27 GMT+0400 (Samara Standard Time)","service":"user-group service"}
{"level":"info","message":"url=/auth/, method=POST, body: {\"login\":\"superMario\",\"password\":\"nir123564\"},   at Wed Jan 19 2022 21:25:50 GMT+0400 (Samara Standard Time)","service":"user-group service"}
{"level":"info","message":"url=/auth/, method=POST, body: {\"login\":\"superMario\",\"password\":\"nir123564\"},   at Wed Jan 19 2022 21:25:50 GMT+0400 (Samara Standard Time)","service":"user-group service"}
{"level":"info","message":"url=/auth/, method=POST, body: {\"login\":\"superMariofgh\",\"password\":\"nir123564\"},   at Wed Jan 19 2022 21:26:54 GMT+0400 (Samara Standard Time)","service":"user-group service"}
{"level":"info","message":"url=/auth/, method=POST, body: {\"login\":\"superMario\",\"password\":\"nir123564\"},   at Wed Jan 19 2022 21:27:07 GMT+0400 (Samara Standard Time)","service":"user-group service"}
{"level":"info","message":"url=/auth/, method=POST, body: {\"login\":\"superMario123\",\"password\":\"nir123564\"},   at Wed Jan 19 2022 21:27:11 GMT+0400 (Samara Standard Time)","service":"user-group service"}
{"level":"info","message":"url=/auth/, method=POST, body: {\"login\":\"superMario123\",\"password\":\"nir123564\"},   at Wed Jan 19 2022 21:27:55 GMT+0400 (Samara Standard Time)","service":"user-group service"}
{"level":"info","message":"url=/auth/, method=POST, body: {\"login\":\"superMario\",\"password\":\"nir123564\"},   at Wed Jan 19 2022 21:28:05 GMT+0400 (Samara Standard Time)","service":"user-group service"}
{"level":"info","message":"url=/auth/, method=POST, body: {\"login\":\"superMari345o\",\"password\":\"nir123564\"},   at Wed Jan 19 2022 21:28:43 GMT+0400 (Samara Standard Time)","service":"user-group service"}
{"level":"info","message":"url=/auth/, method=POST, body: {\"login\":\"superMari345o\",\"password\":\"nir123564\"},   at Wed Jan 19 2022 21:29:12 GMT+0400 (Samara Standard Time)","service":"user-group service"}
{"level":"info","message":"url=/auth/, method=POST, body: {\"login\":\"superMario\",\"password\":\"nir123564\"},   at Wed Jan 19 2022 21:29:17 GMT+0400 (Samara Standard Time)","service":"user-group service"}
{"level":"info","message":"url=/auth/, method=POST, body: {\"login\":\"superMario\",\"password\":\"nir123564\"},   at Wed Jan 19 2022 21:29:53 GMT+0400 (Samara Standard Time)","service":"user-group service"}
{"level":"info","message":"url=/auth/, method=POST, body: {\"login\":\"superMario456\",\"password\":\"nir123564\"},   at Wed Jan 19 2022 21:29:57 GMT+0400 (Samara Standard Time)","service":"user-group service"}
{"level":"info","message":"url=/auth/, method=POST, body: {\"login\":\"superMario456\",\"password\":\"nir123564\"},   at Wed Jan 19 2022 21:31:30 GMT+0400 (Samara Standard Time)","service":"user-group service"}
{"level":"info","message":"url=/auth/, method=POST, body: {\"login\":\"superMario456\",\"password\":\"nir123564\"},   at Wed Jan 19 2022 21:37:35 GMT+0400 (Samara Standard Time)","service":"user-group service"}
{"level":"info","message":"url=/auth/, method=POST, body: {\"login\":\"superMario\",\"password\":\"nir123564\"},   at Wed Jan 19 2022 21:37:40 GMT+0400 (Samara Standard Time)","service":"user-group service"}
{"level":"info","message":"url=/users, method=GET,    at Sun Jan 23 2022 12:13:29 GMT+0400 (Samara Standard Time)","service":"user-group service"}
{"level":"info","message":"url=/users, method=GET,    at Sun Jan 23 2022 12:13:57 GMT+0400 (Samara Standard Time)","service":"user-group service"}
{"level":"info","message":"url=/users, method=GET,    at Sun Jan 23 2022 22:13:15 GMT+0400 (Samara Standard Time)","service":"user-group service"}
{"level":"info","message":"url=/deleted-users, method=GET,    at Sun Jan 23 2022 23:05:08 GMT+0400 (Samara Standard Time)","service":"user-group service"}
{"level":"info","message":"url=/users, method=GET,    at Sun Jan 23 2022 23:05:22 GMT+0400 (Samara Standard Time)","service":"user-group service"}
{"level":"info","message":"url=/users/68e92952-bf76-4c54-a426-9c7f578bf172, method=DELETE,    at Sun Jan 23 2022 23:06:09 GMT+0400 (Samara Standard Time)","service":"user-group service"}
{"level":"info","message":"url=/users/875244f9-43b2-4b2f-a83b-0028389419b5, method=DELETE,    at Sun Jan 23 2022 23:06:34 GMT+0400 (Samara Standard Time)","service":"user-group service"}
{"level":"info","message":"url=/deleted-users, method=GET,    at Sun Jan 23 2022 23:06:41 GMT+0400 (Samara Standard Time)","service":"user-group service"}
{"level":"info","message":"url=/deleted-users, method=GET,    at Sun Jan 23 2022 23:06:42 GMT+0400 (Samara Standard Time)","service":"user-group service"}
{"level":"info","message":"url=/users, method=POST, body: {\"login\":\"LarsLars\",\"password\":\"killemAll1983\",\"age\":\"60\"},   at Sun Jan 23 2022 23:09:37 GMT+0400 (Samara Standard Time)","service":"user-group service"}
{"level":"info","message":"url=/users, method=GET,    at Sun Jan 23 2022 23:15:48 GMT+0400 (Samara Standard Time)","service":"user-group service"}
{"level":"info","message":"url=/users/4bd4205c-91cc-49e3-b555-77463b42b940, method=DELETE,    at Sun Jan 23 2022 23:18:40 GMT+0400 (Samara Standard Time)","service":"user-group service"}
{"level":"info","message":"url=/deleted-users, method=GET,    at Sun Jan 23 2022 23:18:48 GMT+0400 (Samara Standard Time)","service":"user-group service"}
{"level":"info","message":"url=/users, method=GET,    at Sun Jan 23 2022 23:18:58 GMT+0400 (Samara Standard Time)","service":"user-group service"}
{"level":"info","message":"url=/users/4bd4205c-91cc-49e3-b555-77463b42b940, method=DELETE,    at Sun Jan 23 2022 23:21:37 GMT+0400 (Samara Standard Time)","service":"user-group service"}
{"level":"info","message":"url=/users, method=GET,    at Sun Jan 23 2022 23:21:41 GMT+0400 (Samara Standard Time)","service":"user-group service"}
{"level":"info","message":"url=/deleted-users, method=GET,    at Sun Jan 23 2022 23:21:48 GMT+0400 (Samara Standard Time)","service":"user-group service"}
{"level":"info","message":"url=/users/38103bcb-29f1-4255-aae4-0a80058a78e6, method=GET,    at Mon Jan 24 2022 16:17:46 GMT+0400 (Samara Standard Time)","service":"user-group service"}
{"level":"info","message":"url=/users/38103bcb-29f1-4255-aae4-0a80058a78e6, method=GET,    at Mon Jan 24 2022 18:09:30 GMT+0400 (Samara Standard Time)","service":"user-group service"}
{"level":"info","message":"url=/users/38103bcb-29f1-4255-aae4-0a80058a78e6, method=GET,    at Mon Jan 24 2022 18:09:33 GMT+0400 (Samara Standard Time)","service":"user-group service"}
{"level":"info","message":"url=/users/38103bcb-29f1-4255-aae4-0a80058a78e6, method=GET,    at Mon Jan 24 2022 18:09:46 GMT+0400 (Samara Standard Time)","service":"user-group service"}
{"level":"info","message":"url=/users/38103bcb-29f1-4255-aae4-0a80058a78e6, method=GET,    at Mon Jan 24 2022 18:17:55 GMT+0400 (Samara Standard Time)","service":"user-group service"}
{"level":"info","message":"url=/users/sdf, method=GET,    at Mon Jan 24 2022 18:18:06 GMT+0400 (Samara Standard Time)","service":"user-group service"}
{"level":"info","message":"url=/users/38103bcb-29f1-4255-aae4-0a80058a78e6, method=GET,    at Mon Jan 24 2022 18:18:13 GMT+0400 (Samara Standard Time)","service":"user-group service"}
{"level":"info","message":"url=/users/38103bcb-29f1-4255-aae4-0a80058a78, method=GET,    at Mon Jan 24 2022 18:18:26 GMT+0400 (Samara Standard Time)","service":"user-group service"}
{"level":"info","message":"url=/users/38103bcb-29f1-4255-aae4-0a80058a78e6, method=GET,    at Mon Jan 24 2022 18:18:45 GMT+0400 (Samara Standard Time)","service":"user-group service"}
{"level":"info","message":"url=/users/38103bcb-29f1-4255-aae4-0a80058a78e6, method=GET,    at Mon Jan 24 2022 18:19:37 GMT+0400 (Samara Standard Time)","service":"user-group service"}
{"level":"info","message":"url=/users/38103bcb-29f1-4255-aae4-0a80058a78e6, method=GET,    at Mon Jan 24 2022 18:20:09 GMT+0400 (Samara Standard Time)","service":"user-group service"}
{"level":"info","message":"url=/users/38103bcb-29f1-4255-aae4-0a80058a78e6, method=GET,    at Mon Jan 24 2022 18:20:10 GMT+0400 (Samara Standard Time)","service":"user-group service"}
{"level":"info","message":"url=/users/sa, method=GET,    at Mon Jan 24 2022 18:20:14 GMT+0400 (Samara Standard Time)","service":"user-group service"}
{"level":"info","message":"url=/users/38103bcb-29f1-4255-aae4-0a80058a78e6, method=GET,    at Mon Jan 24 2022 18:20:17 GMT+0400 (Samara Standard Time)","service":"user-group service"}
{"level":"info","message":"url=/user, method=POST, body: {\"login\":\"JamesH\"},   at Mon Jan 24 2022 18:26:57 GMT+0400 (Samara Standard Time)","service":"user-group service"}
{"level":"info","message":"url=/user, method=POST, body: {\"login\":\"JamesH\"},   at Mon Jan 24 2022 18:27:09 GMT+0400 (Samara Standard Time)","service":"user-group service"}
{"level":"info","message":"url=/user, method=POST, body: {\"login\":\"JamesH\"},   at Mon Jan 24 2022 18:28:00 GMT+0400 (Samara Standard Time)","service":"user-group service"}
{"level":"info","message":"url=/user, method=POST, body: {\"login\":\"Jame\"},   at Mon Jan 24 2022 18:28:23 GMT+0400 (Samara Standard Time)","service":"user-group service"}
{"level":"info","message":"url=/user, method=POST, body: {\"login\":\"JamesH\"},   at Mon Jan 24 2022 18:28:29 GMT+0400 (Samara Standard Time)","service":"user-group service"}
{"level":"info","message":"url=/users, method=POST, body: {\"login\":\"LikeH\",\"password\":\"kezia2005\",\"age\":\"38\"},   at Mon Jan 24 2022 19:09:43 GMT+0400 (Samara Standard Time)","service":"user-group service"}
{"level":"info","message":"url=/users, method=GET,    at Mon Jan 24 2022 19:09:48 GMT+0400 (Samara Standard Time)","service":"user-group service"}
{"level":"info","message":"url=/users, method=POST, body: {\"login\":\"Rody\",\"password\":\"bloodmeat2008\",\"age\":\"37\"},   at Tue Jan 25 2022 14:11:54 GMT+0400 (Samara Standard Time)","service":"user-group service"}
{"level":"info","message":"url=/users, method=GET,    at Tue Jan 25 2022 14:12:10 GMT+0400 (Samara Standard Time)","service":"user-group service"}
{"level":"info","message":"url=/users, method=POST, body: {\"login\":\"Rody\",\"password\":\"bloodmeat2008\",\"age\":\"37\"},   at Tue Jan 25 2022 14:13:09 GMT+0400 (Samara Standard Time)","service":"user-group service"}
{"level":"info","message":"url=/users, method=GET,    at Tue Jan 25 2022 14:13:11 GMT+0400 (Samara Standard Time)","service":"user-group service"}
{"level":"info","message":"url=/users/50fc5b11-75af-4f8a-acc1-1045a6d560bb, method=DELETE,    at Tue Jan 25 2022 14:15:38 GMT+0400 (Samara Standard Time)","service":"user-group service"}
{"level":"info","message":"url=/users, method=GET,    at Tue Jan 25 2022 14:15:42 GMT+0400 (Samara Standard Time)","service":"user-group service"}
{"level":"info","message":"url=/users, method=POST, body: {\"login\":\"Rody\",\"password\":\"bloodmeat2008\",\"age\":\"37\"},   at Tue Jan 25 2022 14:16:50 GMT+0400 (Samara Standard Time)","service":"user-group service"}
{"level":"info","message":"url=/users, method=POST, body: {\"login\":\"Rody\",\"password\":\"bloodmeat2008\",\"age\":\"37\"},   at Tue Jan 25 2022 14:17:48 GMT+0400 (Samara Standard Time)","service":"user-group service"}
{"level":"info","message":"url=/users, method=POST, body: {\"login\":\"Test\",\"password\":\"test\",\"age\":\"37\"},   at Tue Jan 25 2022 14:24:03 GMT+0400 (Samara Standard Time)","service":"user-group service"}
{"level":"info","message":"url=/users, method=GET,    at Tue Jan 25 2022 14:24:08 GMT+0400 (Samara Standard Time)","service":"user-group service"}
{"level":"info","message":"url=/users/94d64b36-76fc-4961-8b84-b5a96a972abc, method=DELETE,    at Tue Jan 25 2022 14:24:33 GMT+0400 (Samara Standard Time)","service":"user-group service"}
{"level":"info","message":"url=/users, method=GET,    at Tue Jan 25 2022 14:24:36 GMT+0400 (Samara Standard Time)","service":"user-group service"}
{"level":"info","message":"url=/users/, method=GET,    at Tue Jan 25 2022 14:36:21 GMT+0400 (Samara Standard Time)","service":"user-group service"}
{"level":"info","message":"url=/users/94d64b36-76fc-4961-8b84-b5a96a972abc, method=DELETE,    at Tue Jan 25 2022 14:36:30 GMT+0400 (Samara Standard Time)","service":"user-group service"}
{"level":"info","message":"url=/users/94d64b36-76fc-4961-8b84-b5a96a972abc, method=DELETE,    at Tue Jan 25 2022 14:36:38 GMT+0400 (Samara Standard Time)","service":"user-group service"}
{"level":"info","message":"url=/users/90e3a797-3a97-449e-bca2-fd8e152ca8ee, method=PUT, body: {\"login\":\"Gasper\",\"password\":\"atalanta2012\",\"age\":\"60\"},   at Tue Jan 25 2022 14:37:30 GMT+0400 (Samara Standard Time)","service":"user-group service"}
{"level":"info","message":"url=/users/, method=GET,    at Tue Jan 25 2022 14:37:33 GMT+0400 (Samara Standard Time)","service":"user-group service"}
{"level":"info","message":"url=/users/90e3a797-3a97-449e-bca2-fd8e152ca8ee, method=PUT, body: {\"login\":\"Rodyy\",\"password\":\"Fortress2008\",\"age\":\"36\"},   at Tue Jan 25 2022 14:38:05 GMT+0400 (Samara Standard Time)","service":"user-group service"}
{"level":"info","message":"url=/users/, method=GET,    at Tue Jan 25 2022 14:38:08 GMT+0400 (Samara Standard Time)","service":"user-group service"}
{"level":"info","message":"url=/users/, method=GET,    at Tue Jan 25 2022 14:38:24 GMT+0400 (Samara Standard Time)","service":"user-group service"}
{"level":"info","message":"url=/users/94d64b36-76fc-4961-8b84-b5a96a972abc, method=DELETE,    at Tue Jan 25 2022 14:39:09 GMT+0400 (Samara Standard Time)","service":"user-group service"}
{"level":"info","message":"url=/users/94d64b36-76fc-4961-8b84-b5a96a972abc, method=DELETE,    at Tue Jan 25 2022 14:39:45 GMT+0400 (Samara Standard Time)","service":"user-group service"}
{"level":"info","message":"url=/users/94d64b36-76fc-4961-8b84-b5a96a972abc, method=DELETE,    at Tue Jan 25 2022 14:41:43 GMT+0400 (Samara Standard Time)","service":"user-group service"}
{"level":"info","message":"url=/users/90e3a797-3a97-449e-bca2-fd8e152ca8ee, method=DELETE,    at Tue Jan 25 2022 14:42:01 GMT+0400 (Samara Standard Time)","service":"user-group service"}
{"level":"info","message":"url=/users/, method=GET,    at Tue Jan 25 2022 14:42:03 GMT+0400 (Samara Standard Time)","service":"user-group service"}
{"level":"info","message":"url=/users/f68a1a76-1a3b-444a-af56-bc8ea0972d80, method=PUT, body: {\"login\":\"LukeHaskin\",\"password\":\"Fortress2008\",\"age\":\"36\"},   at Tue Jan 25 2022 14:49:16 GMT+0400 (Samara Standard Time)","service":"user-group service"}
{"level":"info","message":"url=/users/f68a1a76-1a3b-444a-af56-bc8ea0972d80, method=PUT, body: {\"login\":\"LukeHaskin\",\"password\":\"Fortress2008\",\"age\":\"36\"},   at Tue Jan 25 2022 14:49:17 GMT+0400 (Samara Standard Time)","service":"user-group service"}
{"level":"info","message":"url=/users/, method=GET,    at Tue Jan 25 2022 14:49:23 GMT+0400 (Samara Standard Time)","service":"user-group service"}
{"level":"info","message":"url=/deleted-users, method=GET,    at Tue Jan 25 2022 17:31:43 GMT+0400 (Samara Standard Time)","service":"user-group service"}
{"level":"info","message":"url=/deleted-users, method=GET,    at Tue Jan 25 2022 17:31:44 GMT+0400 (Samara Standard Time)","service":"user-group service"}
{"level":"info","message":"url=/deleted-users, method=GET,    at Tue Jan 25 2022 17:32:29 GMT+0400 (Samara Standard Time)","service":"user-group service"}
{"level":"info","message":"url=/users/, method=GET,    at Tue Jan 25 2022 17:33:41 GMT+0400 (Samara Standard Time)","service":"user-group service"}
{"level":"info","message":"url=/users/, method=GET,    at Tue Jan 25 2022 17:33:57 GMT+0400 (Samara Standard Time)","service":"user-group service"}
{"level":"info","message":"url=/deleted-users, method=GET,    at Tue Jan 25 2022 17:34:01 GMT+0400 (Samara Standard Time)","service":"user-group service"}
{"level":"info","message":"url=/deleted-users, method=GET,    at Tue Jan 25 2022 17:35:11 GMT+0400 (Samara Standard Time)","service":"user-group service"}
{"level":"info","message":"url=/deleted-users, method=GET,    at Tue Jan 25 2022 17:36:12 GMT+0400 (Samara Standard Time)","service":"user-group service"}
{"level":"info","message":"url=/users/, method=GET,    at Tue Jan 25 2022 17:36:16 GMT+0400 (Samara Standard Time)","service":"user-group service"}
{"level":"info","message":"url=/deleted-users, method=GET,    at Tue Jan 25 2022 17:36:25 GMT+0400 (Samara Standard Time)","service":"user-group service"}
{"level":"info","message":"url=/deleted-users, method=GET,    at Tue Jan 25 2022 17:37:10 GMT+0400 (Samara Standard Time)","service":"user-group service"}
{"level":"info","message":"url=/users/, method=GET,    at Tue Jan 25 2022 17:40:17 GMT+0400 (Samara Standard Time)","service":"user-group service"}
{"level":"info","message":"url=/users/, method=GET,    at Tue Jan 25 2022 17:40:37 GMT+0400 (Samara Standard Time)","service":"user-group service"}
{"level":"info","message":"url=/suggest/users?limit=4&loginSubstring=su, method=GET,  query: {\"limit\":\"4\",\"loginSubstring\":\"su\"},  at Tue Jan 25 2022 17:55:54 GMT+0400 (Samara Standard Time)","service":"user-group service"}
{"level":"info","message":"url=/groups, method=GET,    at Tue Jan 25 2022 18:43:17 GMT+0400 (Samara Standard Time)","service":"user-group service"}
{"level":"info","message":"url=/groups/group, method=GET, body: {\"id\":\"39f363b3-11e1-400e-b019-51d35a24eb40\"},   at Tue Jan 25 2022 19:08:24 GMT+0400 (Samara Standard Time)","service":"user-group service"}
{"level":"info","message":"url=/groups, method=PUT, body: {\"id\":\"5cd68291-076b-4e1f-af99-eda8545dd84a\",\"name\":\"Nirvana\"},   at Tue Jan 25 2022 19:21:17 GMT+0400 (Samara Standard Time)","service":"user-group service"}
{"level":"info","message":"url=/groups, method=PUT, body: {\"id\":\"5cd68291-076b-4e1f-af99-eda8545dd84a\",\"name\":\"Nirvana\"},   at Tue Jan 25 2022 19:21:19 GMT+0400 (Samara Standard Time)","service":"user-group service"}
{"level":"info","message":"url=/groups, method=GET,    at Tue Jan 25 2022 19:21:33 GMT+0400 (Samara Standard Time)","service":"user-group service"}
{"level":"info","message":"url=/groups, method=PUT, body: {\"id\":\"5cd68291-076b-4e1f-af99-eda8545dd84a\",\"name\":\"Nirvana\"},   at Tue Jan 25 2022 19:21:44 GMT+0400 (Samara Standard Time)","service":"user-group service"}
{"level":"info","message":"url=/groups, method=GET,    at Tue Jan 25 2022 19:28:53 GMT+0400 (Samara Standard Time)","service":"user-group service"}
{"level":"info","message":"url=/groups, method=PUT, body: {\"id\":\"57cf89cb-d26c-4573-be9a-0a66f0b0c032\",\"name\":\"Wavves\"},   at Tue Jan 25 2022 19:29:17 GMT+0400 (Samara Standard Time)","service":"user-group service"}
{"level":"info","message":"url=/groups, method=GET,    at Tue Jan 25 2022 19:29:21 GMT+0400 (Samara Standard Time)","service":"user-group service"}
{"level":"info","message":"url=/users/f68a1a76-1a3b-444a-af56-bc8ea0972d80, method=PUT, body: {\"login\":\"LukeHaskin\",\"password\":\"Fortress2008\",\"age\":\"36\"},   at Tue Jan 25 2022 19:29:31 GMT+0400 (Samara Standard Time)","service":"user-group service"}
{"level":"info","message":"url=/groups, method=PUT, body: {\"id\":\"57cf89cb-d26c-4573-be9a-0a66f0b0c032\",\"name\":\"Wavves\"},   at Tue Jan 25 2022 19:30:27 GMT+0400 (Samara Standard Time)","service":"user-group service"}
{"level":"info","message":"url=/groups, method=DELETE, body: {\"id\":\"57cf89cb-d26c-4573-be9a-0a66f0b0c032\"},   at Tue Jan 25 2022 19:33:17 GMT+0400 (Samara Standard Time)","service":"user-group service"}
{"level":"info","message":"url=/groups, method=GET,    at Tue Jan 25 2022 19:33:21 GMT+0400 (Samara Standard Time)","service":"user-group service"}
{"level":"info","message":"url=/groups, method=DELETE, body: {\"id\":\"57cf89cb-d26c-4573-be9a-0a66f0b0c032\"},   at Tue Jan 25 2022 19:33:24 GMT+0400 (Samara Standard Time)","service":"user-group service"}
{"level":"info","message":"url=/groups, method=DELETE, body: {\"id\":\"57cf89cb-d26c-4573-be9a-0a66f0b0c032\"},   at Tue Jan 25 2022 19:50:04 GMT+0400 (Samara Standard Time)","service":"user-group service"}
{"level":"info","message":"url=/groups, method=GET,    at Tue Jan 25 2022 19:50:07 GMT+0400 (Samara Standard Time)","service":"user-group service"}
{"level":"info","message":"url=/groups, method=GET,    at Tue Jan 25 2022 19:50:32 GMT+0400 (Samara Standard Time)","service":"user-group service"}
